<?xml version="1.0" encoding="UTF-8"?>
<!-- Generated by org.testng.reporters.JUnitXMLReporter -->
<testsuite hostname="Lenovo" ignored="6" name="Default test" tests="1" failures="0" timestamp="08 Jan 2018 05:47:19 GMT" time="6.592" errors="0">
  <testcase name="loginFormTestIT" time="5.89" classname="com.plamenti.selenium_framework.tests.HomePageTestsIT"/>
  <testcase name="homePageLoginWithInvalidEmailAndValidPasswordTestIT" time="0.0" classname="com.plamenti.selenium_framework.tests.HomePageTestsIT">
    <ignored/>
  </testcase> <!-- homePageLoginWithInvalidEmailAndValidPasswordTestIT -->
  <testcase name="homePageLoginWithInvalidEmailAndInvalidPasswordTestIT" time="0.0" classname="com.plamenti.selenium_framework.tests.HomePageTestsIT">
    <ignored/>
  </testcase> <!-- homePageLoginWithInvalidEmailAndInvalidPasswordTestIT -->
  <testcase name="homePageLoginWithValidEmailAndInvalidPasswordTestIT" time="0.0" classname="com.plamenti.selenium_framework.tests.HomePageTestsIT">
    <ignored/>
  </testcase> <!-- homePageLoginWithValidEmailAndInvalidPasswordTestIT -->
  <testcase name="homePageLoginWithValidCredentialsTestIT" time="0.0" classname="com.plamenti.selenium_framework.tests.HomePageTestsIT">
    <ignored/>
  </testcase> <!-- homePageLoginWithValidCredentialsTestIT -->
  <testcase name="homePageLoginWithEmptyEmailTestIT" time="0.0" classname="com.plamenti.selenium_framework.tests.HomePageTestsIT">
    <ignored/>
  </testcase> <!-- homePageLoginWithEmptyEmailTestIT -->
  <testcase name="homePageLoginWithEmptyPasswordTestIT" time="0.0" classname="com.plamenti.selenium_framework.tests.HomePageTestsIT">
    <ignored/>
  </testcase> <!-- homePageLoginWithEmptyPasswordTestIT -->
</testsuite> <!-- Default test -->
