<?xml version="1.0" encoding="UTF-8"?>
<!-- Generated by org.testng.reporters.JUnitXMLReporter -->
<testsuite hostname="Lenovo" ignored="0" name="Surefire test" tests="9" failures="0" timestamp="07 Jan 2018 22:34:54 GMT" time="66.365" errors="0">
  <testcase name="homePageLoginWithEmptyEmailTestIT" time="6.099" classname="com.plamenti.selenium_framework.tests.HomePageTestsIT"/>
  <testcase name="homePageLoginWithEmptyPasswordTestIT" time="5.031" classname="com.plamenti.selenium_framework.tests.HomePageTestsIT"/>
  <testcase name="homePageLoginWithInvalidEmailAndInvalidPasswordTestIT" time="8.502" classname="com.plamenti.selenium_framework.tests.HomePageTestsIT"/>
  <testcase name="homePageLoginWithInvalidEmailAndInvalidPasswordTestIT" time="6.261" classname="com.plamenti.selenium_framework.tests.HomePageTestsIT"/>
  <testcase name="homePageLoginWithInvalidEmailAndInvalidPasswordTestIT" time="6.283" classname="com.plamenti.selenium_framework.tests.HomePageTestsIT"/>
  <testcase name="homePageLoginWithInvalidEmailAndValidPasswordTestIT" time="6.423" classname="com.plamenti.selenium_framework.tests.HomePageTestsIT"/>
  <testcase name="homePageLoginWithValidCredentialsTestIT" time="8.984" classname="com.plamenti.selenium_framework.tests.HomePageTestsIT"/>
  <testcase name="homePageLoginWithValidEmailAndInvalidPasswordTestIT" time="6.37" classname="com.plamenti.selenium_framework.tests.HomePageTestsIT"/>
  <testcase name="loginFormTestIT" time="6.189" classname="com.plamenti.selenium_framework.tests.HomePageTestsIT"/>
</testsuite> <!-- Surefire test -->
