<?xml version="1.0" encoding="UTF-8"?>
<!-- Generated by org.testng.reporters.JUnitXMLReporter -->
<testsuite hostname="Lenovo" ignored="0" name="Surefire test" tests="2" failures="0" timestamp="07 Jan 2018 15:49:14 GMT" time="15.607" errors="0">
  <testcase name="homePageLoginWithValidCredentialsTestIT" time="9.47" classname="com.plamenti.selenium_framework.tests.HomePageTestsIT"/>
  <testcase name="loginFormTestIT" time="4.72" classname="com.plamenti.selenium_framework.tests.HomePageTestsIT"/>
</testsuite> <!-- Surefire test -->
