<?xml version="1.0" encoding="UTF-8"?>
<testsuite xmlns:xsi="http://www.w3.org/2001/XMLSchema-instance" xsi:noNamespaceSchemaLocation="https://maven.apache.org/surefire/maven-failsafe-plugin/xsd/failsafe-test-report.xsd" name="com.plamenti.selenium_framework.tests.HomePageTestsIT" time="68.535" tests="9" errors="0" skipped="0" failures="0">
  <properties>
[...]
</properties>
  <testcase name="homePageLoginWithEmptyEmailTestIT" classname="com.plamenti.selenium_framework.tests.HomePageTestsIT" time="6.101"/>
  <testcase name="homePageLoginWithEmptyPasswordTestIT" classname="com.plamenti.selenium_framework.tests.HomePageTestsIT" time="5.031"/>
  <testcase name="homePageLoginWithInvalidEmailAndInvalidPasswordTestIT" classname="com.plamenti.selenium_framework.tests.HomePageTestsIT" time="8.503"/>
  <testcase name="homePageLoginWithInvalidEmailAndInvalidPasswordTestIT" classname="com.plamenti.selenium_framework.tests.HomePageTestsIT" time="6.261"/>
  <testcase name="homePageLoginWithInvalidEmailAndInvalidPasswordTestIT" classname="com.plamenti.selenium_framework.tests.HomePageTestsIT" time="6.283"/>
  <testcase name="homePageLoginWithInvalidEmailAndValidPasswordTestIT" classname="com.plamenti.selenium_framework.tests.HomePageTestsIT" time="6.423"/>
  <testcase name="homePageLoginWithValidCredentialsTestIT" classname="com.plamenti.selenium_framework.tests.HomePageTestsIT" time="8.985"/>
  <testcase name="homePageLoginWithValidEmailAndInvalidPasswordTestIT" classname="com.plamenti.selenium_framework.tests.HomePageTestsIT" time="6.371"/>
  <testcase name="loginFormTestIT" classname="com.plamenti.selenium_framework.tests.HomePageTestsIT" time="6.189"/>
</testsuite>