<?xml version="1.0" encoding="UTF-8"?>
<testng-results skipped="0" failed="0" ignored="6" total="7" passed="1">
  <reporter-output>
  </reporter-output>
  <suite name="Surefire suite" duration-ms="5770" started-at="2018-01-08T08:14:13Z" finished-at="2018-01-08T08:14:19Z">
    <groups>
    </groups>
    <test name="Surefire test" duration-ms="5770" started-at="2018-01-08T08:14:13Z" finished-at="2018-01-08T08:14:19Z">
      <class name="com.plamenti.selenium_framework.tests.HomePageTestsIT">
        <test-method status="PASS" signature="instantiateDriver()[pri:0, instance:com.plamenti.selenium_framework.tests.HomePageTestsIT@13fee20c]" name="instantiateDriver" is-config="true" duration-ms="16" started-at="2018-01-08T10:14:13Z" finished-at="2018-01-08T10:14:13Z">
          <reporter-output>
          </reporter-output>
        </test-method> <!-- instantiateDriver -->
        <test-method status="PASS" signature="loginFormTestIT()[pri:0, instance:com.plamenti.selenium_framework.tests.HomePageTestsIT@13fee20c]" name="loginFormTestIT" duration-ms="5628" started-at="2018-01-08T10:14:13Z" finished-at="2018-01-08T10:14:19Z">
          <reporter-output>
          </reporter-output>
        </test-method> <!-- loginFormTestIT -->
        <test-method status="PASS" signature="quitDriver()[pri:0, instance:com.plamenti.selenium_framework.tests.HomePageTestsIT@13fee20c]" name="quitDriver" is-config="true" duration-ms="126" started-at="2018-01-08T10:14:19Z" finished-at="2018-01-08T10:14:19Z">
          <reporter-output>
          </reporter-output>
        </test-method> <!-- quitDriver -->
        <test-method status="PASS" signature="closeDriveObjects()[pri:0, instance:com.plamenti.selenium_framework.tests.HomePageTestsIT@13fee20c]" name="closeDriveObjects" is-config="true" duration-ms="0" started-at="2018-01-08T10:14:19Z" finished-at="2018-01-08T10:14:19Z">
          <reporter-output>
          </reporter-output>
        </test-method> <!-- closeDriveObjects -->
      </class> <!-- com.plamenti.selenium_framework.tests.HomePageTestsIT -->
    </test> <!-- Surefire test -->
  </suite> <!-- Surefire suite -->
</testng-results>
